<?xml version="1.0" encoding="UTF-8"?>
<testsuite xmlns:xsi="http://www.w3.org/2001/XMLSchema-instance" xsi:noNamespaceSchemaLocation="https://maven.apache.org/surefire/maven-surefire-plugin/xsd/surefire-test-report.xsd" name="com.neuedu.yyzx.YyzxApplicationTests" time="4.485" tests="1" errors="0" skipped="0" failures="0">
  <properties>
    <property name="sun.desktop" value="windows"/>
    <property name="awt.toolkit" value="sun.awt.windows.WToolkit"/>
    <property name="file.encoding.pkg" value="sun.io"/>
    <property name="java.specification.version" value="1.8"/>
    <property name="sun.cpu.isalist" value="amd64"/>
    <property name="sun.jnu.encoding" value="GBK"/>
    <property name="java.class.path" value="E:\疗养院项目\对比后端\yyzx\target\test-classes;E:\疗养院项目\对比后端\yyzx\target\classes;D:\软件安装仓库\IDEA软件\Maven配置\apache-maven-3.9.9\www\org\springframework\boot\spring-boot-starter-web\2.7.17\spring-boot-starter-web-2.7.17.jar;D:\软件安装仓库\IDEA软件\Maven配置\apache-maven-3.9.9\www\org\springframework\boot\spring-boot-starter\2.7.17\spring-boot-starter-2.7.17.jar;D:\软件安装仓库\IDEA软件\Maven配置\apache-maven-3.9.9\www\org\springframework\boot\spring-boot-starter-logging\2.7.17\spring-boot-starter-logging-2.7.17.jar;D:\软件安装仓库\IDEA软件\Maven配置\apache-maven-3.9.9\www\ch\qos\logback\logback-classic\1.2.12\logback-classic-1.2.12.jar;D:\软件安装仓库\IDEA软件\Maven配置\apache-maven-3.9.9\www\ch\qos\logback\logback-core\1.2.12\logback-core-1.2.12.jar;D:\软件安装仓库\IDEA软件\Maven配置\apache-maven-3.9.9\www\org\apache\logging\log4j\log4j-to-slf4j\2.17.2\log4j-to-slf4j-2.17.2.jar;D:\软件安装仓库\IDEA软件\Maven配置\apache-maven-3.9.9\www\org\apache\logging\log4j\log4j-api\2.17.2\log4j-api-2.17.2.jar;D:\软件安装仓库\IDEA软件\Maven配置\apache-maven-3.9.9\www\org\slf4j\jul-to-slf4j\1.7.36\jul-to-slf4j-1.7.36.jar;D:\软件安装仓库\IDEA软件\Maven配置\apache-maven-3.9.9\www\jakarta\annotation\jakarta.annotation-api\1.3.5\jakarta.annotation-api-1.3.5.jar;D:\软件安装仓库\IDEA软件\Maven配置\apache-maven-3.9.9\www\org\yaml\snakeyaml\1.30\snakeyaml-1.30.jar;D:\软件安装仓库\IDEA软件\Maven配置\apache-maven-3.9.9\www\org\springframework\boot\spring-boot-starter-json\2.7.17\spring-boot-starter-json-2.7.17.jar;D:\软件安装仓库\IDEA软件\Maven配置\apache-maven-3.9.9\www\com\fasterxml\jackson\datatype\jackson-datatype-jdk8\2.13.5\jackson-datatype-jdk8-2.13.5.jar;D:\软件安装仓库\IDEA软件\Maven配置\apache-maven-3.9.9\www\com\fasterxml\jackson\datatype\jackson-datatype-jsr310\2.13.5\jackson-datatype-jsr310-2.13.5.jar;D:\软件安装仓库\IDEA软件\Maven配置\apache-maven-3.9.9\www\com\fasterxml\jackson\module\jackson-module-parameter-names\2.13.5\jackson-module-parameter-names-2.13.5.jar;D:\软件安装仓库\IDEA软件\Maven配置\apache-maven-3.9.9\www\org\springframework\boot\spring-boot-starter-tomcat\2.7.17\spring-boot-starter-tomcat-2.7.17.jar;D:\软件安装仓库\IDEA软件\Maven配置\apache-maven-3.9.9\www\org\apache\tomcat\embed\tomcat-embed-core\9.0.82\tomcat-embed-core-9.0.82.jar;D:\软件安装仓库\IDEA软件\Maven配置\apache-maven-3.9.9\www\org\apache\tomcat\embed\tomcat-embed-el\9.0.82\tomcat-embed-el-9.0.82.jar;D:\软件安装仓库\IDEA软件\Maven配置\apache-maven-3.9.9\www\org\apache\tomcat\embed\tomcat-embed-websocket\9.0.82\tomcat-embed-websocket-9.0.82.jar;D:\软件安装仓库\IDEA软件\Maven配置\apache-maven-3.9.9\www\org\springframework\spring-web\5.3.30\spring-web-5.3.30.jar;D:\软件安装仓库\IDEA软件\Maven配置\apache-maven-3.9.9\www\org\springframework\spring-beans\5.3.30\spring-beans-5.3.30.jar;D:\软件安装仓库\IDEA软件\Maven配置\apache-maven-3.9.9\www\org\springframework\spring-webmvc\5.3.30\spring-webmvc-5.3.30.jar;D:\软件安装仓库\IDEA软件\Maven配置\apache-maven-3.9.9\www\org\springframework\spring-aop\5.3.30\spring-aop-5.3.30.jar;D:\软件安装仓库\IDEA软件\Maven配置\apache-maven-3.9.9\www\org\springframework\spring-context\5.3.30\spring-context-5.3.30.jar;D:\软件安装仓库\IDEA软件\Maven配置\apache-maven-3.9.9\www\org\springframework\spring-expression\5.3.30\spring-expression-5.3.30.jar;D:\软件安装仓库\IDEA软件\Maven配置\apache-maven-3.9.9\www\mysql\mysql-connector-java\8.0.11\mysql-connector-java-8.0.11.jar;D:\软件安装仓库\IDEA软件\Maven配置\apache-maven-3.9.9\www\com\google\protobuf\protobuf-java\2.6.0\protobuf-java-2.6.0.jar;D:\软件安装仓库\IDEA软件\Maven配置\apache-maven-3.9.9\www\com\baomidou\mybatis-plus-boot-starter\3.5.1\mybatis-plus-boot-starter-3.5.1.jar;D:\软件安装仓库\IDEA软件\Maven配置\apache-maven-3.9.9\www\com\baomidou\mybatis-plus\3.5.1\mybatis-plus-3.5.1.jar;D:\软件安装仓库\IDEA软件\Maven配置\apache-maven-3.9.9\www\com\baomidou\mybatis-plus-extension\3.5.1\mybatis-plus-extension-3.5.1.jar;D:\软件安装仓库\IDEA软件\Maven配置\apache-maven-3.9.9\www\com\baomidou\mybatis-plus-core\3.5.1\mybatis-plus-core-3.5.1.jar;D:\软件安装仓库\IDEA软件\Maven配置\apache-maven-3.9.9\www\com\baomidou\mybatis-plus-annotation\3.5.1\mybatis-plus-annotation-3.5.1.jar;D:\软件安装仓库\IDEA软件\Maven配置\apache-maven-3.9.9\www\com\github\jsqlparser\jsqlparser\4.3\jsqlparser-4.3.jar;D:\软件安装仓库\IDEA软件\Maven配置\apache-maven-3.9.9\www\org\mybatis\mybatis\3.5.9\mybatis-3.5.9.jar;D:\软件安装仓库\IDEA软件\Maven配置\apache-maven-3.9.9\www\org\mybatis\mybatis-spring\2.0.6\mybatis-spring-2.0.6.jar;D:\软件安装仓库\IDEA软件\Maven配置\apache-maven-3.9.9\www\org\springframework\boot\spring-boot-autoconfigure\2.7.17\spring-boot-autoconfigure-2.7.17.jar;D:\软件安装仓库\IDEA软件\Maven配置\apache-maven-3.9.9\www\org\springframework\boot\spring-boot-starter-jdbc\2.7.17\spring-boot-starter-jdbc-2.7.17.jar;D:\软件安装仓库\IDEA软件\Maven配置\apache-maven-3.9.9\www\com\zaxxer\HikariCP\4.0.3\HikariCP-4.0.3.jar;D:\软件安装仓库\IDEA软件\Maven配置\apache-maven-3.9.9\www\org\springframework\spring-jdbc\5.3.30\spring-jdbc-5.3.30.jar;D:\软件安装仓库\IDEA软件\Maven配置\apache-maven-3.9.9\www\org\springframework\boot\spring-boot-starter-data-jpa\2.7.17\spring-boot-starter-data-jpa-2.7.17.jar;D:\软件安装仓库\IDEA软件\Maven配置\apache-maven-3.9.9\www\org\springframework\boot\spring-boot-starter-aop\2.7.17\spring-boot-starter-aop-2.7.17.jar;D:\软件安装仓库\IDEA软件\Maven配置\apache-maven-3.9.9\www\org\aspectj\aspectjweaver\1.9.7\aspectjweaver-1.9.7.jar;D:\软件安装仓库\IDEA软件\Maven配置\apache-maven-3.9.9\www\jakarta\transaction\jakarta.transaction-api\1.3.3\jakarta.transaction-api-1.3.3.jar;D:\软件安装仓库\IDEA软件\Maven配置\apache-maven-3.9.9\www\jakarta\persistence\jakarta.persistence-api\2.2.3\jakarta.persistence-api-2.2.3.jar;D:\软件安装仓库\IDEA软件\Maven配置\apache-maven-3.9.9\www\org\hibernate\hibernate-core\5.6.15.Final\hibernate-core-5.6.15.Final.jar;D:\软件安装仓库\IDEA软件\Maven配置\apache-maven-3.9.9\www\org\jboss\logging\jboss-logging\3.4.3.Final\jboss-logging-3.4.3.Final.jar;D:\软件安装仓库\IDEA软件\Maven配置\apache-maven-3.9.9\www\net\bytebuddy\byte-buddy\1.12.23\byte-buddy-1.12.23.jar;D:\软件安装仓库\IDEA软件\Maven配置\apache-maven-3.9.9\www\antlr\antlr\2.7.7\antlr-2.7.7.jar;D:\软件安装仓库\IDEA软件\Maven配置\apache-maven-3.9.9\www\org\jboss\jandex\2.4.2.Final\jandex-2.4.2.Final.jar;D:\软件安装仓库\IDEA软件\Maven配置\apache-maven-3.9.9\www\org\hibernate\common\hibernate-commons-annotations\5.1.2.Final\hibernate-commons-annotations-5.1.2.Final.jar;D:\软件安装仓库\IDEA软件\Maven配置\apache-maven-3.9.9\www\org\glassfish\jaxb\jaxb-runtime\2.3.8\jaxb-runtime-2.3.8.jar;D:\软件安装仓库\IDEA软件\Maven配置\apache-maven-3.9.9\www\org\glassfish\jaxb\txw2\2.3.8\txw2-2.3.8.jar;D:\软件安装仓库\IDEA软件\Maven配置\apache-maven-3.9.9\www\com\sun\istack\istack-commons-runtime\3.0.12\istack-commons-runtime-3.0.12.jar;D:\软件安装仓库\IDEA软件\Maven配置\apache-maven-3.9.9\www\com\sun\activation\jakarta.activation\1.2.2\jakarta.activation-1.2.2.jar;D:\软件安装仓库\IDEA软件\Maven配置\apache-maven-3.9.9\www\org\springframework\data\spring-data-jpa\2.7.17\spring-data-jpa-2.7.17.jar;D:\软件安装仓库\IDEA软件\Maven配置\apache-maven-3.9.9\www\org\springframework\data\spring-data-commons\2.7.17\spring-data-commons-2.7.17.jar;D:\软件安装仓库\IDEA软件\Maven配置\apache-maven-3.9.9\www\org\springframework\spring-orm\5.3.30\spring-orm-5.3.30.jar;D:\软件安装仓库\IDEA软件\Maven配置\apache-maven-3.9.9\www\org\springframework\spring-tx\5.3.30\spring-tx-5.3.30.jar;D:\软件安装仓库\IDEA软件\Maven配置\apache-maven-3.9.9\www\org\springframework\spring-aspects\5.3.30\spring-aspects-5.3.30.jar;D:\软件安装仓库\IDEA软件\Maven配置\apache-maven-3.9.9\www\com\alibaba\druid-spring-boot-starter\1.2.8\druid-spring-boot-starter-1.2.8.jar;D:\软件安装仓库\IDEA软件\Maven配置\apache-maven-3.9.9\www\com\alibaba\druid\1.2.8\druid-1.2.8.jar;D:\软件安装仓库\IDEA软件\Maven配置\apache-maven-3.9.9\www\org\slf4j\slf4j-api\1.7.36\slf4j-api-1.7.36.jar;D:\软件安装仓库\IDEA软件\Maven配置\apache-maven-3.9.9\www\org\projectlombok\lombok\1.18.6\lombok-1.18.6.jar;D:\软件安装仓库\IDEA软件\Maven配置\apache-maven-3.9.9\www\io\springfox\springfox-swagger2\2.9.2\springfox-swagger2-2.9.2.jar;D:\软件安装仓库\IDEA软件\Maven配置\apache-maven-3.9.9\www\io\springfox\springfox-spi\2.9.2\springfox-spi-2.9.2.jar;D:\软件安装仓库\IDEA软件\Maven配置\apache-maven-3.9.9\www\io\springfox\springfox-core\2.9.2\springfox-core-2.9.2.jar;D:\软件安装仓库\IDEA软件\Maven配置\apache-maven-3.9.9\www\io\springfox\springfox-schema\2.9.2\springfox-schema-2.9.2.jar;D:\软件安装仓库\IDEA软件\Maven配置\apache-maven-3.9.9\www\io\springfox\springfox-swagger-common\2.9.2\springfox-swagger-common-2.9.2.jar;D:\软件安装仓库\IDEA软件\Maven配置\apache-maven-3.9.9\www\io\springfox\springfox-spring-web\2.9.2\springfox-spring-web-2.9.2.jar;D:\软件安装仓库\IDEA软件\Maven配置\apache-maven-3.9.9\www\com\google\guava\guava\20.0\guava-20.0.jar;D:\软件安装仓库\IDEA软件\Maven配置\apache-maven-3.9.9\www\com\fasterxml\classmate\1.5.1\classmate-1.5.1.jar;D:\软件安装仓库\IDEA软件\Maven配置\apache-maven-3.9.9\www\org\springframework\plugin\spring-plugin-core\1.2.0.RELEASE\spring-plugin-core-1.2.0.RELEASE.jar;D:\软件安装仓库\IDEA软件\Maven配置\apache-maven-3.9.9\www\org\springframework\plugin\spring-plugin-metadata\1.2.0.RELEASE\spring-plugin-metadata-1.2.0.RELEASE.jar;D:\软件安装仓库\IDEA软件\Maven配置\apache-maven-3.9.9\www\org\mapstruct\mapstruct\1.2.0.Final\mapstruct-1.2.0.Final.jar;D:\软件安装仓库\IDEA软件\Maven配置\apache-maven-3.9.9\www\io\springfox\springfox-swagger-ui\2.9.2\springfox-swagger-ui-2.9.2.jar;D:\软件安装仓库\IDEA软件\Maven配置\apache-maven-3.9.9\www\com\github\xiaoymin\swagger-bootstrap-ui\1.9.6\swagger-bootstrap-ui-1.9.6.jar;D:\软件安装仓库\IDEA软件\Maven配置\apache-maven-3.9.9\www\org\javassist\javassist\3.25.0-GA\javassist-3.25.0-GA.jar;D:\软件安装仓库\IDEA软件\Maven配置\apache-maven-3.9.9\www\io\swagger\swagger-annotations\1.5.22\swagger-annotations-1.5.22.jar;D:\软件安装仓库\IDEA软件\Maven配置\apache-maven-3.9.9\www\io\swagger\swagger-models\1.5.22\swagger-models-1.5.22.jar;D:\软件安装仓库\IDEA软件\Maven配置\apache-maven-3.9.9\www\com\fasterxml\jackson\core\jackson-annotations\2.13.5\jackson-annotations-2.13.5.jar;D:\软件安装仓库\IDEA软件\Maven配置\apache-maven-3.9.9\www\org\springframework\boot\spring-boot-devtools\2.7.17\spring-boot-devtools-2.7.17.jar;D:\软件安装仓库\IDEA软件\Maven配置\apache-maven-3.9.9\www\org\springframework\boot\spring-boot\2.7.17\spring-boot-2.7.17.jar;D:\软件安装仓库\IDEA软件\Maven配置\apache-maven-3.9.9\www\com\auth0\java-jwt\3.10.3\java-jwt-3.10.3.jar;D:\软件安装仓库\IDEA软件\Maven配置\apache-maven-3.9.9\www\com\fasterxml\jackson\core\jackson-databind\2.13.5\jackson-databind-2.13.5.jar;D:\软件安装仓库\IDEA软件\Maven配置\apache-maven-3.9.9\www\com\fasterxml\jackson\core\jackson-core\2.13.5\jackson-core-2.13.5.jar;D:\软件安装仓库\IDEA软件\Maven配置\apache-maven-3.9.9\www\commons-codec\commons-codec\1.15\commons-codec-1.15.jar;D:\软件安装仓库\IDEA软件\Maven配置\apache-maven-3.9.9\www\io\jsonwebtoken\jjwt\0.9.1\jjwt-0.9.1.jar;D:\软件安装仓库\IDEA软件\Maven配置\apache-maven-3.9.9\www\org\springframework\boot\spring-boot-starter-test\2.7.17\spring-boot-starter-test-2.7.17.jar;D:\软件安装仓库\IDEA软件\Maven配置\apache-maven-3.9.9\www\org\springframework\boot\spring-boot-test\2.7.17\spring-boot-test-2.7.17.jar;D:\软件安装仓库\IDEA软件\Maven配置\apache-maven-3.9.9\www\org\springframework\boot\spring-boot-test-autoconfigure\2.7.17\spring-boot-test-autoconfigure-2.7.17.jar;D:\软件安装仓库\IDEA软件\Maven配置\apache-maven-3.9.9\www\com\jayway\jsonpath\json-path\2.7.0\json-path-2.7.0.jar;D:\软件安装仓库\IDEA软件\Maven配置\apache-maven-3.9.9\www\net\minidev\json-smart\2.4.11\json-smart-2.4.11.jar;D:\软件安装仓库\IDEA软件\Maven配置\apache-maven-3.9.9\www\net\minidev\accessors-smart\2.4.11\accessors-smart-2.4.11.jar;D:\软件安装仓库\IDEA软件\Maven配置\apache-maven-3.9.9\www\org\ow2\asm\asm\9.3\asm-9.3.jar;D:\软件安装仓库\IDEA软件\Maven配置\apache-maven-3.9.9\www\jakarta\xml\bind\jakarta.xml.bind-api\2.3.3\jakarta.xml.bind-api-2.3.3.jar;D:\软件安装仓库\IDEA软件\Maven配置\apache-maven-3.9.9\www\jakarta\activation\jakarta.activation-api\1.2.2\jakarta.activation-api-1.2.2.jar;D:\软件安装仓库\IDEA软件\Maven配置\apache-maven-3.9.9\www\org\assertj\assertj-core\3.22.0\assertj-core-3.22.0.jar;D:\软件安装仓库\IDEA软件\Maven配置\apache-maven-3.9.9\www\org\hamcrest\hamcrest\2.2\hamcrest-2.2.jar;D:\软件安装仓库\IDEA软件\Maven配置\apache-maven-3.9.9\www\org\junit\jupiter\junit-jupiter\5.8.2\junit-jupiter-5.8.2.jar;D:\软件安装仓库\IDEA软件\Maven配置\apache-maven-3.9.9\www\org\junit\jupiter\junit-jupiter-api\5.8.2\junit-jupiter-api-5.8.2.jar;D:\软件安装仓库\IDEA软件\Maven配置\apache-maven-3.9.9\www\org\opentest4j\opentest4j\1.2.0\opentest4j-1.2.0.jar;D:\软件安装仓库\IDEA软件\Maven配置\apache-maven-3.9.9\www\org\junit\platform\junit-platform-commons\1.8.2\junit-platform-commons-1.8.2.jar;D:\软件安装仓库\IDEA软件\Maven配置\apache-maven-3.9.9\www\org\apiguardian\apiguardian-api\1.1.2\apiguardian-api-1.1.2.jar;D:\软件安装仓库\IDEA软件\Maven配置\apache-maven-3.9.9\www\org\junit\jupiter\junit-jupiter-params\5.8.2\junit-jupiter-params-5.8.2.jar;D:\软件安装仓库\IDEA软件\Maven配置\apache-maven-3.9.9\www\org\junit\jupiter\junit-jupiter-engine\5.8.2\junit-jupiter-engine-5.8.2.jar;D:\软件安装仓库\IDEA软件\Maven配置\apache-maven-3.9.9\www\org\junit\platform\junit-platform-engine\1.8.2\junit-platform-engine-1.8.2.jar;D:\软件安装仓库\IDEA软件\Maven配置\apache-maven-3.9.9\www\org\mockito\mockito-core\4.5.1\mockito-core-4.5.1.jar;D:\软件安装仓库\IDEA软件\Maven配置\apache-maven-3.9.9\www\net\bytebuddy\byte-buddy-agent\1.12.23\byte-buddy-agent-1.12.23.jar;D:\软件安装仓库\IDEA软件\Maven配置\apache-maven-3.9.9\www\org\objenesis\objenesis\3.2\objenesis-3.2.jar;D:\软件安装仓库\IDEA软件\Maven配置\apache-maven-3.9.9\www\org\mockito\mockito-junit-jupiter\4.5.1\mockito-junit-jupiter-4.5.1.jar;D:\软件安装仓库\IDEA软件\Maven配置\apache-maven-3.9.9\www\org\skyscreamer\jsonassert\1.5.1\jsonassert-1.5.1.jar;D:\软件安装仓库\IDEA软件\Maven配置\apache-maven-3.9.9\www\com\vaadin\external\google\android-json\0.0.20131108.vaadin1\android-json-0.0.20131108.vaadin1.jar;D:\软件安装仓库\IDEA软件\Maven配置\apache-maven-3.9.9\www\org\springframework\spring-core\5.3.30\spring-core-5.3.30.jar;D:\软件安装仓库\IDEA软件\Maven配置\apache-maven-3.9.9\www\org\springframework\spring-jcl\5.3.30\spring-jcl-5.3.30.jar;D:\软件安装仓库\IDEA软件\Maven配置\apache-maven-3.9.9\www\org\springframework\spring-test\5.3.30\spring-test-5.3.30.jar;D:\软件安装仓库\IDEA软件\Maven配置\apache-maven-3.9.9\www\org\xmlunit\xmlunit-core\2.9.1\xmlunit-core-2.9.1.jar;"/>
    <property name="java.vm.vendor" value="Amazon.com Inc."/>
    <property name="sun.arch.data.model" value="64"/>
    <property name="user.variant" value=""/>
    <property name="java.vendor.url" value="https://aws.amazon.com/corretto/"/>
    <property name="user.timezone" value="Asia/Shanghai"/>
    <property name="java.vm.specification.version" value="1.8"/>
    <property name="os.name" value="Windows 10"/>
    <property name="user.country" value="CN"/>
    <property name="sun.java.launcher" value="SUN_STANDARD"/>
    <property name="sun.boot.library.path" value="C:\Users\Administrator\.jdks\corretto-1.8.0_452\jre\bin"/>
    <property name="sun.java.command" value="C:\Users\ADMINI~1\AppData\Local\Temp\surefire1802521819524443281\surefirebooter2618431821517093010.jar C:\Users\Administrator\AppData\Local\Temp\surefire1802521819524443281 2025-05-25T14-51-12_072-jvmRun1 surefire2256077764212349749tmp surefire_04002904058145615930tmp"/>
    <property name="surefire.test.class.path" value="E:\疗养院项目\对比后端\yyzx\target\test-classes;E:\疗养院项目\对比后端\yyzx\target\classes;D:\软件安装仓库\IDEA软件\Maven配置\apache-maven-3.9.9\www\org\springframework\boot\spring-boot-starter-web\2.7.17\spring-boot-starter-web-2.7.17.jar;D:\软件安装仓库\IDEA软件\Maven配置\apache-maven-3.9.9\www\org\springframework\boot\spring-boot-starter\2.7.17\spring-boot-starter-2.7.17.jar;D:\软件安装仓库\IDEA软件\Maven配置\apache-maven-3.9.9\www\org\springframework\boot\spring-boot-starter-logging\2.7.17\spring-boot-starter-logging-2.7.17.jar;D:\软件安装仓库\IDEA软件\Maven配置\apache-maven-3.9.9\www\ch\qos\logback\logback-classic\1.2.12\logback-classic-1.2.12.jar;D:\软件安装仓库\IDEA软件\Maven配置\apache-maven-3.9.9\www\ch\qos\logback\logback-core\1.2.12\logback-core-1.2.12.jar;D:\软件安装仓库\IDEA软件\Maven配置\apache-maven-3.9.9\www\org\apache\logging\log4j\log4j-to-slf4j\2.17.2\log4j-to-slf4j-2.17.2.jar;D:\软件安装仓库\IDEA软件\Maven配置\apache-maven-3.9.9\www\org\apache\logging\log4j\log4j-api\2.17.2\log4j-api-2.17.2.jar;D:\软件安装仓库\IDEA软件\Maven配置\apache-maven-3.9.9\www\org\slf4j\jul-to-slf4j\1.7.36\jul-to-slf4j-1.7.36.jar;D:\软件安装仓库\IDEA软件\Maven配置\apache-maven-3.9.9\www\jakarta\annotation\jakarta.annotation-api\1.3.5\jakarta.annotation-api-1.3.5.jar;D:\软件安装仓库\IDEA软件\Maven配置\apache-maven-3.9.9\www\org\yaml\snakeyaml\1.30\snakeyaml-1.30.jar;D:\软件安装仓库\IDEA软件\Maven配置\apache-maven-3.9.9\www\org\springframework\boot\spring-boot-starter-json\2.7.17\spring-boot-starter-json-2.7.17.jar;D:\软件安装仓库\IDEA软件\Maven配置\apache-maven-3.9.9\www\com\fasterxml\jackson\datatype\jackson-datatype-jdk8\2.13.5\jackson-datatype-jdk8-2.13.5.jar;D:\软件安装仓库\IDEA软件\Maven配置\apache-maven-3.9.9\www\com\fasterxml\jackson\datatype\jackson-datatype-jsr310\2.13.5\jackson-datatype-jsr310-2.13.5.jar;D:\软件安装仓库\IDEA软件\Maven配置\apache-maven-3.9.9\www\com\fasterxml\jackson\module\jackson-module-parameter-names\2.13.5\jackson-module-parameter-names-2.13.5.jar;D:\软件安装仓库\IDEA软件\Maven配置\apache-maven-3.9.9\www\org\springframework\boot\spring-boot-starter-tomcat\2.7.17\spring-boot-starter-tomcat-2.7.17.jar;D:\软件安装仓库\IDEA软件\Maven配置\apache-maven-3.9.9\www\org\apache\tomcat\embed\tomcat-embed-core\9.0.82\tomcat-embed-core-9.0.82.jar;D:\软件安装仓库\IDEA软件\Maven配置\apache-maven-3.9.9\www\org\apache\tomcat\embed\tomcat-embed-el\9.0.82\tomcat-embed-el-9.0.82.jar;D:\软件安装仓库\IDEA软件\Maven配置\apache-maven-3.9.9\www\org\apache\tomcat\embed\tomcat-embed-websocket\9.0.82\tomcat-embed-websocket-9.0.82.jar;D:\软件安装仓库\IDEA软件\Maven配置\apache-maven-3.9.9\www\org\springframework\spring-web\5.3.30\spring-web-5.3.30.jar;D:\软件安装仓库\IDEA软件\Maven配置\apache-maven-3.9.9\www\org\springframework\spring-beans\5.3.30\spring-beans-5.3.30.jar;D:\软件安装仓库\IDEA软件\Maven配置\apache-maven-3.9.9\www\org\springframework\spring-webmvc\5.3.30\spring-webmvc-5.3.30.jar;D:\软件安装仓库\IDEA软件\Maven配置\apache-maven-3.9.9\www\org\springframework\spring-aop\5.3.30\spring-aop-5.3.30.jar;D:\软件安装仓库\IDEA软件\Maven配置\apache-maven-3.9.9\www\org\springframework\spring-context\5.3.30\spring-context-5.3.30.jar;D:\软件安装仓库\IDEA软件\Maven配置\apache-maven-3.9.9\www\org\springframework\spring-expression\5.3.30\spring-expression-5.3.30.jar;D:\软件安装仓库\IDEA软件\Maven配置\apache-maven-3.9.9\www\mysql\mysql-connector-java\8.0.11\mysql-connector-java-8.0.11.jar;D:\软件安装仓库\IDEA软件\Maven配置\apache-maven-3.9.9\www\com\google\protobuf\protobuf-java\2.6.0\protobuf-java-2.6.0.jar;D:\软件安装仓库\IDEA软件\Maven配置\apache-maven-3.9.9\www\com\baomidou\mybatis-plus-boot-starter\3.5.1\mybatis-plus-boot-starter-3.5.1.jar;D:\软件安装仓库\IDEA软件\Maven配置\apache-maven-3.9.9\www\com\baomidou\mybatis-plus\3.5.1\mybatis-plus-3.5.1.jar;D:\软件安装仓库\IDEA软件\Maven配置\apache-maven-3.9.9\www\com\baomidou\mybatis-plus-extension\3.5.1\mybatis-plus-extension-3.5.1.jar;D:\软件安装仓库\IDEA软件\Maven配置\apache-maven-3.9.9\www\com\baomidou\mybatis-plus-core\3.5.1\mybatis-plus-core-3.5.1.jar;D:\软件安装仓库\IDEA软件\Maven配置\apache-maven-3.9.9\www\com\baomidou\mybatis-plus-annotation\3.5.1\mybatis-plus-annotation-3.5.1.jar;D:\软件安装仓库\IDEA软件\Maven配置\apache-maven-3.9.9\www\com\github\jsqlparser\jsqlparser\4.3\jsqlparser-4.3.jar;D:\软件安装仓库\IDEA软件\Maven配置\apache-maven-3.9.9\www\org\mybatis\mybatis\3.5.9\mybatis-3.5.9.jar;D:\软件安装仓库\IDEA软件\Maven配置\apache-maven-3.9.9\www\org\mybatis\mybatis-spring\2.0.6\mybatis-spring-2.0.6.jar;D:\软件安装仓库\IDEA软件\Maven配置\apache-maven-3.9.9\www\org\springframework\boot\spring-boot-autoconfigure\2.7.17\spring-boot-autoconfigure-2.7.17.jar;D:\软件安装仓库\IDEA软件\Maven配置\apache-maven-3.9.9\www\org\springframework\boot\spring-boot-starter-jdbc\2.7.17\spring-boot-starter-jdbc-2.7.17.jar;D:\软件安装仓库\IDEA软件\Maven配置\apache-maven-3.9.9\www\com\zaxxer\HikariCP\4.0.3\HikariCP-4.0.3.jar;D:\软件安装仓库\IDEA软件\Maven配置\apache-maven-3.9.9\www\org\springframework\spring-jdbc\5.3.30\spring-jdbc-5.3.30.jar;D:\软件安装仓库\IDEA软件\Maven配置\apache-maven-3.9.9\www\org\springframework\boot\spring-boot-starter-data-jpa\2.7.17\spring-boot-starter-data-jpa-2.7.17.jar;D:\软件安装仓库\IDEA软件\Maven配置\apache-maven-3.9.9\www\org\springframework\boot\spring-boot-starter-aop\2.7.17\spring-boot-starter-aop-2.7.17.jar;D:\软件安装仓库\IDEA软件\Maven配置\apache-maven-3.9.9\www\org\aspectj\aspectjweaver\1.9.7\aspectjweaver-1.9.7.jar;D:\软件安装仓库\IDEA软件\Maven配置\apache-maven-3.9.9\www\jakarta\transaction\jakarta.transaction-api\1.3.3\jakarta.transaction-api-1.3.3.jar;D:\软件安装仓库\IDEA软件\Maven配置\apache-maven-3.9.9\www\jakarta\persistence\jakarta.persistence-api\2.2.3\jakarta.persistence-api-2.2.3.jar;D:\软件安装仓库\IDEA软件\Maven配置\apache-maven-3.9.9\www\org\hibernate\hibernate-core\5.6.15.Final\hibernate-core-5.6.15.Final.jar;D:\软件安装仓库\IDEA软件\Maven配置\apache-maven-3.9.9\www\org\jboss\logging\jboss-logging\3.4.3.Final\jboss-logging-3.4.3.Final.jar;D:\软件安装仓库\IDEA软件\Maven配置\apache-maven-3.9.9\www\net\bytebuddy\byte-buddy\1.12.23\byte-buddy-1.12.23.jar;D:\软件安装仓库\IDEA软件\Maven配置\apache-maven-3.9.9\www\antlr\antlr\2.7.7\antlr-2.7.7.jar;D:\软件安装仓库\IDEA软件\Maven配置\apache-maven-3.9.9\www\org\jboss\jandex\2.4.2.Final\jandex-2.4.2.Final.jar;D:\软件安装仓库\IDEA软件\Maven配置\apache-maven-3.9.9\www\org\hibernate\common\hibernate-commons-annotations\5.1.2.Final\hibernate-commons-annotations-5.1.2.Final.jar;D:\软件安装仓库\IDEA软件\Maven配置\apache-maven-3.9.9\www\org\glassfish\jaxb\jaxb-runtime\2.3.8\jaxb-runtime-2.3.8.jar;D:\软件安装仓库\IDEA软件\Maven配置\apache-maven-3.9.9\www\org\glassfish\jaxb\txw2\2.3.8\txw2-2.3.8.jar;D:\软件安装仓库\IDEA软件\Maven配置\apache-maven-3.9.9\www\com\sun\istack\istack-commons-runtime\3.0.12\istack-commons-runtime-3.0.12.jar;D:\软件安装仓库\IDEA软件\Maven配置\apache-maven-3.9.9\www\com\sun\activation\jakarta.activation\1.2.2\jakarta.activation-1.2.2.jar;D:\软件安装仓库\IDEA软件\Maven配置\apache-maven-3.9.9\www\org\springframework\data\spring-data-jpa\2.7.17\spring-data-jpa-2.7.17.jar;D:\软件安装仓库\IDEA软件\Maven配置\apache-maven-3.9.9\www\org\springframework\data\spring-data-commons\2.7.17\spring-data-commons-2.7.17.jar;D:\软件安装仓库\IDEA软件\Maven配置\apache-maven-3.9.9\www\org\springframework\spring-orm\5.3.30\spring-orm-5.3.30.jar;D:\软件安装仓库\IDEA软件\Maven配置\apache-maven-3.9.9\www\org\springframework\spring-tx\5.3.30\spring-tx-5.3.30.jar;D:\软件安装仓库\IDEA软件\Maven配置\apache-maven-3.9.9\www\org\springframework\spring-aspects\5.3.30\spring-aspects-5.3.30.jar;D:\软件安装仓库\IDEA软件\Maven配置\apache-maven-3.9.9\www\com\alibaba\druid-spring-boot-starter\1.2.8\druid-spring-boot-starter-1.2.8.jar;D:\软件安装仓库\IDEA软件\Maven配置\apache-maven-3.9.9\www\com\alibaba\druid\1.2.8\druid-1.2.8.jar;D:\软件安装仓库\IDEA软件\Maven配置\apache-maven-3.9.9\www\org\slf4j\slf4j-api\1.7.36\slf4j-api-1.7.36.jar;D:\软件安装仓库\IDEA软件\Maven配置\apache-maven-3.9.9\www\org\projectlombok\lombok\1.18.6\lombok-1.18.6.jar;D:\软件安装仓库\IDEA软件\Maven配置\apache-maven-3.9.9\www\io\springfox\springfox-swagger2\2.9.2\springfox-swagger2-2.9.2.jar;D:\软件安装仓库\IDEA软件\Maven配置\apache-maven-3.9.9\www\io\springfox\springfox-spi\2.9.2\springfox-spi-2.9.2.jar;D:\软件安装仓库\IDEA软件\Maven配置\apache-maven-3.9.9\www\io\springfox\springfox-core\2.9.2\springfox-core-2.9.2.jar;D:\软件安装仓库\IDEA软件\Maven配置\apache-maven-3.9.9\www\io\springfox\springfox-schema\2.9.2\springfox-schema-2.9.2.jar;D:\软件安装仓库\IDEA软件\Maven配置\apache-maven-3.9.9\www\io\springfox\springfox-swagger-common\2.9.2\springfox-swagger-common-2.9.2.jar;D:\软件安装仓库\IDEA软件\Maven配置\apache-maven-3.9.9\www\io\springfox\springfox-spring-web\2.9.2\springfox-spring-web-2.9.2.jar;D:\软件安装仓库\IDEA软件\Maven配置\apache-maven-3.9.9\www\com\google\guava\guava\20.0\guava-20.0.jar;D:\软件安装仓库\IDEA软件\Maven配置\apache-maven-3.9.9\www\com\fasterxml\classmate\1.5.1\classmate-1.5.1.jar;D:\软件安装仓库\IDEA软件\Maven配置\apache-maven-3.9.9\www\org\springframework\plugin\spring-plugin-core\1.2.0.RELEASE\spring-plugin-core-1.2.0.RELEASE.jar;D:\软件安装仓库\IDEA软件\Maven配置\apache-maven-3.9.9\www\org\springframework\plugin\spring-plugin-metadata\1.2.0.RELEASE\spring-plugin-metadata-1.2.0.RELEASE.jar;D:\软件安装仓库\IDEA软件\Maven配置\apache-maven-3.9.9\www\org\mapstruct\mapstruct\1.2.0.Final\mapstruct-1.2.0.Final.jar;D:\软件安装仓库\IDEA软件\Maven配置\apache-maven-3.9.9\www\io\springfox\springfox-swagger-ui\2.9.2\springfox-swagger-ui-2.9.2.jar;D:\软件安装仓库\IDEA软件\Maven配置\apache-maven-3.9.9\www\com\github\xiaoymin\swagger-bootstrap-ui\1.9.6\swagger-bootstrap-ui-1.9.6.jar;D:\软件安装仓库\IDEA软件\Maven配置\apache-maven-3.9.9\www\org\javassist\javassist\3.25.0-GA\javassist-3.25.0-GA.jar;D:\软件安装仓库\IDEA软件\Maven配置\apache-maven-3.9.9\www\io\swagger\swagger-annotations\1.5.22\swagger-annotations-1.5.22.jar;D:\软件安装仓库\IDEA软件\Maven配置\apache-maven-3.9.9\www\io\swagger\swagger-models\1.5.22\swagger-models-1.5.22.jar;D:\软件安装仓库\IDEA软件\Maven配置\apache-maven-3.9.9\www\com\fasterxml\jackson\core\jackson-annotations\2.13.5\jackson-annotations-2.13.5.jar;D:\软件安装仓库\IDEA软件\Maven配置\apache-maven-3.9.9\www\org\springframework\boot\spring-boot-devtools\2.7.17\spring-boot-devtools-2.7.17.jar;D:\软件安装仓库\IDEA软件\Maven配置\apache-maven-3.9.9\www\org\springframework\boot\spring-boot\2.7.17\spring-boot-2.7.17.jar;D:\软件安装仓库\IDEA软件\Maven配置\apache-maven-3.9.9\www\com\auth0\java-jwt\3.10.3\java-jwt-3.10.3.jar;D:\软件安装仓库\IDEA软件\Maven配置\apache-maven-3.9.9\www\com\fasterxml\jackson\core\jackson-databind\2.13.5\jackson-databind-2.13.5.jar;D:\软件安装仓库\IDEA软件\Maven配置\apache-maven-3.9.9\www\com\fasterxml\jackson\core\jackson-core\2.13.5\jackson-core-2.13.5.jar;D:\软件安装仓库\IDEA软件\Maven配置\apache-maven-3.9.9\www\commons-codec\commons-codec\1.15\commons-codec-1.15.jar;D:\软件安装仓库\IDEA软件\Maven配置\apache-maven-3.9.9\www\io\jsonwebtoken\jjwt\0.9.1\jjwt-0.9.1.jar;D:\软件安装仓库\IDEA软件\Maven配置\apache-maven-3.9.9\www\org\springframework\boot\spring-boot-starter-test\2.7.17\spring-boot-starter-test-2.7.17.jar;D:\软件安装仓库\IDEA软件\Maven配置\apache-maven-3.9.9\www\org\springframework\boot\spring-boot-test\2.7.17\spring-boot-test-2.7.17.jar;D:\软件安装仓库\IDEA软件\Maven配置\apache-maven-3.9.9\www\org\springframework\boot\spring-boot-test-autoconfigure\2.7.17\spring-boot-test-autoconfigure-2.7.17.jar;D:\软件安装仓库\IDEA软件\Maven配置\apache-maven-3.9.9\www\com\jayway\jsonpath\json-path\2.7.0\json-path-2.7.0.jar;D:\软件安装仓库\IDEA软件\Maven配置\apache-maven-3.9.9\www\net\minidev\json-smart\2.4.11\json-smart-2.4.11.jar;D:\软件安装仓库\IDEA软件\Maven配置\apache-maven-3.9.9\www\net\minidev\accessors-smart\2.4.11\accessors-smart-2.4.11.jar;D:\软件安装仓库\IDEA软件\Maven配置\apache-maven-3.9.9\www\org\ow2\asm\asm\9.3\asm-9.3.jar;D:\软件安装仓库\IDEA软件\Maven配置\apache-maven-3.9.9\www\jakarta\xml\bind\jakarta.xml.bind-api\2.3.3\jakarta.xml.bind-api-2.3.3.jar;D:\软件安装仓库\IDEA软件\Maven配置\apache-maven-3.9.9\www\jakarta\activation\jakarta.activation-api\1.2.2\jakarta.activation-api-1.2.2.jar;D:\软件安装仓库\IDEA软件\Maven配置\apache-maven-3.9.9\www\org\assertj\assertj-core\3.22.0\assertj-core-3.22.0.jar;D:\软件安装仓库\IDEA软件\Maven配置\apache-maven-3.9.9\www\org\hamcrest\hamcrest\2.2\hamcrest-2.2.jar;D:\软件安装仓库\IDEA软件\Maven配置\apache-maven-3.9.9\www\org\junit\jupiter\junit-jupiter\5.8.2\junit-jupiter-5.8.2.jar;D:\软件安装仓库\IDEA软件\Maven配置\apache-maven-3.9.9\www\org\junit\jupiter\junit-jupiter-api\5.8.2\junit-jupiter-api-5.8.2.jar;D:\软件安装仓库\IDEA软件\Maven配置\apache-maven-3.9.9\www\org\opentest4j\opentest4j\1.2.0\opentest4j-1.2.0.jar;D:\软件安装仓库\IDEA软件\Maven配置\apache-maven-3.9.9\www\org\junit\platform\junit-platform-commons\1.8.2\junit-platform-commons-1.8.2.jar;D:\软件安装仓库\IDEA软件\Maven配置\apache-maven-3.9.9\www\org\apiguardian\apiguardian-api\1.1.2\apiguardian-api-1.1.2.jar;D:\软件安装仓库\IDEA软件\Maven配置\apache-maven-3.9.9\www\org\junit\jupiter\junit-jupiter-params\5.8.2\junit-jupiter-params-5.8.2.jar;D:\软件安装仓库\IDEA软件\Maven配置\apache-maven-3.9.9\www\org\junit\jupiter\junit-jupiter-engine\5.8.2\junit-jupiter-engine-5.8.2.jar;D:\软件安装仓库\IDEA软件\Maven配置\apache-maven-3.9.9\www\org\junit\platform\junit-platform-engine\1.8.2\junit-platform-engine-1.8.2.jar;D:\软件安装仓库\IDEA软件\Maven配置\apache-maven-3.9.9\www\org\mockito\mockito-core\4.5.1\mockito-core-4.5.1.jar;D:\软件安装仓库\IDEA软件\Maven配置\apache-maven-3.9.9\www\net\bytebuddy\byte-buddy-agent\1.12.23\byte-buddy-agent-1.12.23.jar;D:\软件安装仓库\IDEA软件\Maven配置\apache-maven-3.9.9\www\org\objenesis\objenesis\3.2\objenesis-3.2.jar;D:\软件安装仓库\IDEA软件\Maven配置\apache-maven-3.9.9\www\org\mockito\mockito-junit-jupiter\4.5.1\mockito-junit-jupiter-4.5.1.jar;D:\软件安装仓库\IDEA软件\Maven配置\apache-maven-3.9.9\www\org\skyscreamer\jsonassert\1.5.1\jsonassert-1.5.1.jar;D:\软件安装仓库\IDEA软件\Maven配置\apache-maven-3.9.9\www\com\vaadin\external\google\android-json\0.0.20131108.vaadin1\android-json-0.0.20131108.vaadin1.jar;D:\软件安装仓库\IDEA软件\Maven配置\apache-maven-3.9.9\www\org\springframework\spring-core\5.3.30\spring-core-5.3.30.jar;D:\软件安装仓库\IDEA软件\Maven配置\apache-maven-3.9.9\www\org\springframework\spring-jcl\5.3.30\spring-jcl-5.3.30.jar;D:\软件安装仓库\IDEA软件\Maven配置\apache-maven-3.9.9\www\org\springframework\spring-test\5.3.30\spring-test-5.3.30.jar;D:\软件安装仓库\IDEA软件\Maven配置\apache-maven-3.9.9\www\org\xmlunit\xmlunit-core\2.9.1\xmlunit-core-2.9.1.jar;"/>
    <property name="sun.cpu.endian" value="little"/>
    <property name="user.home" value="C:\Users\Administrator"/>
    <property name="user.language" value="zh"/>
    <property name="java.specification.vendor" value="Oracle Corporation"/>
    <property name="java.home" value="C:\Users\Administrator\.jdks\corretto-1.8.0_452\jre"/>
    <property name="basedir" value="E:\疗养院项目\对比后端\yyzx"/>
    <property name="file.separator" value="\"/>
    <property name="line.separator" value="&#10;"/>
    <property name="java.vm.specification.vendor" value="Oracle Corporation"/>
    <property name="java.specification.name" value="Java Platform API Specification"/>
    <property name="java.awt.graphicsenv" value="sun.awt.Win32GraphicsEnvironment"/>
    <property name="surefire.real.class.path" value="C:\Users\ADMINI~1\AppData\Local\Temp\surefire1802521819524443281\surefirebooter2618431821517093010.jar"/>
    <property name="sun.boot.class.path" value="C:\Users\Administrator\.jdks\corretto-1.8.0_452\jre\lib\resources.jar;C:\Users\Administrator\.jdks\corretto-1.8.0_452\jre\lib\rt.jar;C:\Users\Administrator\.jdks\corretto-1.8.0_452\jre\lib\sunrsasign.jar;C:\Users\Administrator\.jdks\corretto-1.8.0_452\jre\lib\jsse.jar;C:\Users\Administrator\.jdks\corretto-1.8.0_452\jre\lib\jce.jar;C:\Users\Administrator\.jdks\corretto-1.8.0_452\jre\lib\charsets.jar;C:\Users\Administrator\.jdks\corretto-1.8.0_452\jre\lib\jfr.jar;C:\Users\Administrator\.jdks\corretto-1.8.0_452\jre\classes"/>
    <property name="user.script" value=""/>
    <property name="sun.management.compiler" value="HotSpot 64-Bit Tiered Compilers"/>
    <property name="java.runtime.version" value="1.8.0_452-b09"/>
    <property name="user.name" value="Administrator"/>
    <property name="path.separator" value=";"/>
    <property name="os.version" value="10.0"/>
    <property name="java.endorsed.dirs" value="C:\Users\Administrator\.jdks\corretto-1.8.0_452\jre\lib\endorsed"/>
    <property name="java.runtime.name" value="OpenJDK Runtime Environment"/>
    <property name="file.encoding" value="GBK"/>
    <property name="java.vm.name" value="OpenJDK 64-Bit Server VM"/>
    <property name="localRepository" value="D:\软件安装仓库\IDEA软件\Maven配置\apache-maven-3.9.9\www"/>
    <property name="java.vendor.url.bug" value="https://github.com/corretto/corretto-8/issues/"/>
    <property name="java.io.tmpdir" value="C:\Users\ADMINI~1\AppData\Local\Temp\"/>
    <property name="idea.version" value="2024.2.3"/>
    <property name="java.version" value="1.8.0_452"/>
    <property name="user.dir" value="E:\疗养院项目\对比后端\yyzx"/>
    <property name="os.arch" value="amd64"/>
    <property name="java.vm.specification.name" value="Java Virtual Machine Specification"/>
    <property name="java.awt.printerjob" value="sun.awt.windows.WPrinterJob"/>
    <property name="sun.os.patch.level" value=""/>
    <property name="java.library.path" value="C:\Users\Administrator\.jdks\corretto-1.8.0_452\jre\bin;C:\Windows\Sun\Java\bin;C:\Windows\system32;C:\Windows;C:\Program Files\Common Files\Oracle\Java\javapath;C:\Windows\system32;C:\Windows;C:\Windows\System32\Wbem;C:\Windows\System32\WindowsPowerShell\v1.0\;C:\Windows\System32\OpenSSH\;D:\软件安装仓库\Git软件\Git\cmd;D:\软件安装仓库\Node软件\;C:\Program Files\MySQL\MySQL Shell 8.0\bin\;C:\Users\Administrator\AppData\Local\Microsoft\WindowsApps;D:\软件安装仓库\VSCode软件\Microsoft VS Code\bin;D:\软件安装仓库\IDEA软件\IntelliJ IDEA Community Edition 2024.2.3\bin;;C:\Users\Administrator\AppData\Roaming\npm;."/>
    <property name="java.vm.info" value="mixed mode"/>
    <property name="java.vendor" value="Amazon.com Inc."/>
    <property name="java.vm.version" value="25.452-b09"/>
    <property name="java.specification.maintenance.version" value="6"/>
    <property name="java.ext.dirs" value="C:\Users\Administrator\.jdks\corretto-1.8.0_452\jre\lib\ext;C:\Windows\Sun\Java\lib\ext"/>
    <property name="sun.io.unicode.encoding" value="UnicodeLittle"/>
    <property name="maven.repo.local" value="D:\软件安装仓库\IDEA软件\Maven配置\apache-maven-3.9.9\www"/>
    <property name="java.class.version" value="52.0"/>
  </properties>
  <testcase name="contextLoads" classname="com.neuedu.yyzx.YyzxApplicationTests" time="0.062"/>
</testsuite>